<?xml version="1.0" encoding="UTF-8"?>
<!-- Generated by org.testng.reporters.JUnitReportReporter -->
<testsuite hostname="INNOIL00090" failures="0" tests="2" name="testvagrant.com.qa.ResponseValidation" time="1.154" errors="0" timestamp="13 Oct 2022 03:00:06 GMT" skipped="0">
  <testcase classname="testvagrant.com.qa.ResponseValidation" name="testCase1" time="1.100"/>
  <testcase classname="testvagrant.com.qa.ResponseValidation" name="testCase2" time="0.054"/>
</testsuite> <!-- testvagrant.com.qa.ResponseValidation -->
